DATE Thu Jul  7 16:12:48 2022
master hostname cns81
list of nodes used : cns81
master system Linux cns81 5.14.2-1.el7.elrepo.x86_64 #1 SMP Tue Sep 7 09:32:38 EDT 2021 x86_64 x86_64
master system Linux-5.14.2-1.el7.elrepo.x86_64-x86_64-with-centos-7.9.2009-Core
user fpascale
input data in /auto/store/fpascale/tmp/221_b3_fm_is8.d12
output data in /auto/store/fpascale/tmp/221_b3_fm_is8.out
mpirun executable in /auto/soft/compiler/intel/psxe-19u5/intelpython3/bin
Pcrystal executable in /auto/store/fpascale/crystal_svn1203_public_20180915/bin/Linux-ifort_intelmpi_o3_align_xhost_mkl/std_intel2019u5_intelmpi_shelly_defect_charged/Pcrystal
creating temporary directories //scratch/fpascale/tmp_606325/tmp_p606325 on each node
KMnF3 
CRYSTAL
0 0 0
221
4.26472787
3
25 0.  0.  0.
9  0.5 0.  0.
19 0.5 0.5 0.5 
SUPERCELL
1 -1  0
1  1  0
0  0  1
ENDG
25 7
0 0 8 2.0  1.0
       292601       0.000227
       42265        0.0019
       8947.29      0.0111
       2330.32      0.0501
       702.047      0.1705
       242.907      0.3691
       94.955       0.4035
       39.5777      0.1437
0  1  6  8.0  1.0
       732.14      -0.0053      0.0086
       175.551     -0.0673      0.0612
       58.5093     -0.1293      0.2135
       23.129       0.2535      0.4018
       9.7536       0.6345      0.4012
       3.4545       0.2714      0.2222
0  1  4  8.0     1.0
       38.389       0.0157     -0.0311
       15.4367     -0.2535     -0.0969
       6.1781      -0.8648      0.2563
       2.8235       0.9337      1.6552
0  1  1  0.0  1.0
       1.2086       1.0         1.0
0  1  1  0.0  1.0
       0.4986       1.0         1.0
0  3  4  5.0  1.0
       22.5929      0.0708
       6.1674       0.3044
       2.0638       0.5469
       0.7401       0.5102
0  3  1  0.0 1.0
       0.249        1.0
9 4
0 0 7 2. 1.
       13770.   0.000877
       1590.0   0.00915
       326.5   0.0486
       91.66  0.1691
       30.46   0.3708
       11.50   0.41649
       4.76   0.1306
0 1 3 8. 1.
       19.000  -0.1094 0.1244
       4.530 -0.1289 0.5323
       1.387  1.0  1.0
0 1 1 0. 1.
       0.440 1. 1.
0 1 1 0. 1.0
       0.179 1.  1.
19 5
0  0  8  2.  1.
       172500.      0.000220
       24320.    0.00192
       5140.   0.01109
       1343.9  0.04992
       404.5  0.1702
       139.4     0.3679
       54.39    0.4036
       22.71   0.1459
0 1 6 8. 1.
       402.0 -0.00603  0.00841
       93.5 -0.0805  0.0602
       30.75 -0.1094  0.2117
       11.92    0.258 0.3726
       5.167  0.684 0.4022
       1.582 0.399 0.186
0 1 5 8. 1.
       17.35 -0.0074 -0.0321
       7.55 -0.129  -0.062
       2.939 -0.6834   0.1691
       1.19 1.08   1.500
       0.674 1.03 1.060
0 1 1 0. 1.
       0.389 1. 1.
0 1 1 0. 1.
       0.216 1. 1.
99 0
ENDBS
DFT
B3LYP
SPIN
XXLGRID
END
TOLINTEG
10 10 10 10 20
SHRINK
8 8
MULPOPAN
SPINLOCK
10 -6
LEVSHIFT
3 1
FMIXING
30
TOLDEE
7
EIGSHIFT
10
1 6 1 0.0 .9
1 6 2 0.0 .9
1 6 3 0.0 .9
1 6 4 0.0 .9
1 6 5 0.0 .9
2 6 1 0.0 .9
2 6 2 0.0 .9
2 6 3 0.0 .9
2 6 4 0.0 .9
2 6 5 0.0 .9
ENDSCF
Execution command : /auto/soft/compiler/intel/psxe-19u5/intelpython3/bin/mpirun -np 32 //scratch/fpascale/tmp_606325/tmp_p606325/Pcrystal
 PROCESS           22  OF           32  WORKING
 PROCESS           27  OF           32  WORKING
 PROCESS           30  OF           32  WORKING
 PROCESS           19  OF           32  WORKING
 PROCESS           20  OF           32  WORKING
 PROCESS           21  OF           32  WORKING
 PROCESS           29  OF           32  WORKING
 PROCESS           25  OF           32  WORKING
 PROCESS            2  OF           32  WORKING
 PROCESS            6  OF           32  WORKING
 PROCESS           24  OF           32  WORKING
 PROCESS           23  OF           32  WORKING
 PROCESS           28  OF           32  WORKING
 PROCESS            0  OF           32  WORKING
 PROCESS            1  OF           32  WORKING

         
 *******************************************************************************
 *                                                                             *
 *                               CRYSTAL17                                     *
 *                      public : 1.0.2 - March 1st, 2018                       *
 *                       HTTP://WWW.CRYSTAL.UNITO.IT                           *
 *                                                                             *
 *                              MAIN AUTHORS                                   *
 *                                                                             *
 *  R. DOVESI(1,11), V.R. SAUNDERS(2), C. ROETTI(1,11), R. ORLANDO(1,11),      *
 *  C.M. ZICOVICH-WILSON(1,3), F. PASCALE(4), B. CIVALLERI(1,11),              *
 *  K. DOLL(5), N.M. HARRISON(2,6), I.J. BUSH(7), Ph. D'ARCO(8),               *
 *  M. LLUNELL(9), M. CAUSA'(10), Y. NOEL(8), L. MASCHIO(1,11), A. ERBA(1,11)  *
 *  M. RE'RAT(14), S. CASASSA(1,11)                                            *
 *                                                                             *
 *        CONTRIBUTIONS TO THE CODE HAVE ALSO BEEN GIVEN BY                    *
 *                                                                             *
 *  M. FERRABONE(1,11), M. DE LA PIERRE(1,11), M. FERRERO(1,11),               *
 *  J. BAIMA(1,11), E. ALBANESE(1,11), M.F. PEINTINGER(12), R. BAST(13),       *
 *  B. KIRTMAN(15), V. LACIVITA(1,11), R. DEMICHELIS(1,16)                     *
 *  G. BRANDEBURG(17), S. SALUSTRO(1,11), G. SANSONE(1,11)                     *
 *  M.T. RUGGIERO(18)                                                          *
 *                                                                             *
 * (1) THEORETICAL CHEMISTRY GROUP - UNIVERSITA' DI TORINO - TORINO (ITALY)    *
 * (2) COMPUTATIONAL SCIENCE & ENGINEERING DEPARTMENT - STFC DARESBURY (UK)    *
 * (3) UNIVERSIDAD AUTONOMA DEL ESTADO DE MORELOS - CUERNAVACA (MEXICO)        *
 * (4) UNIVERSITE' DE LORRAINE - NANCY (FRANCE)                                *
 * (5) UNIVERSITAET STUTTGART- STUTTGART (GERMANY)                             *
 * (6) IMPERIAL COLLEGE - LONDON (UK)                                          *
 * (7) OXFORD E-RESEARCH CENTRE - OXFORD (UK)                                  *
 * (8) UPMC - SORBONNE UNIVERSITES - PARIS (FRANCE)                            *
 * (9) UNIVERSIDAD DE BARCELONA - BARCELONA (SPAIN)                            *
 *(10) UNIVERSITA' DI NAPOLI "FEDERICO II" - NAPOLI (ITALY)                    *
 *(11) NIS - NANOSTRUCTURED INTERFACES AND SURFACES - TORINO (ITALY)           *
 *(12) MPI FUER CHEMISCHE ENERGIEKONVERSION - MUELHEIM AN DER RUHR (GERMANY)   *
 *(13) UNIVERSITY OF TROMSO - TROMSO (NORWAY)                                  *
 *(14) UNIVERSITE' DE PAU ET DES PAYS DE L'ADOUR - PAU (FRANCE)                *
 *(15) UNIVERSITY OF CALIFORNIA SANTA BARBARA - SANTA BARBARA (USA)            *
 *(16) CURTIN UNIVERSITY - PERTH (AUSTRALIA)                                   *
 *(17) UNIVERSITY COLLEGE LONDON - LONDON (UK)                                 *
 *(18) CAMBRIDGE UNIVERSITY - CAMBRIDGE (UK)                                   *
 *                                                                             *
 *******************************************************************************
 PROCESS            8  OF           32  WORKING
 PROCESS           10  OF           32  WORKING
 EEEEEEEEEE STARTING  DATE 07 07 2022 TIME 16:12:50.1
 PROCESS            3  OF           32  WORKING
 PROCESS            5  OF           32  WORKING
 PROCESS           13  OF           32  WORKING
 PROCESS            4  OF           32  WORKING
 PROCESS            7  OF           32  WORKING
 PROCESS           15  OF           32  WORKING
 KMnF3                                                                           
 PROCESS           17  OF           32  WORKING
 PROCESS           18  OF           32  WORKING
 PROCESS           31  OF           32  WORKING
 PROCESS           11  OF           32  WORKING
 PROCESS           26  OF           32  WORKING
 PROCESS           12  OF           32  WORKING
 PROCESS           14  OF           32  WORKING
 PROCESS           16  OF           32  WORKING
 PROCESS            9  OF           32  WORKING

 CRYSTAL CALCULATION
 (INPUT ACCORDING TO THE INTERNATIONAL TABLES FOR X-RAY CRYSTALLOGRAPHY)
 CRYSTAL FAMILY                       :  CUBIC       
 CRYSTAL CLASS  (GROTH - 1921)        :  CUBIC HEXAKISOCTAHEDRAL              

 SPACE GROUP (CENTROSYMMETRIC)        :  P M 3 M         

 LATTICE PARAMETERS  (ANGSTROMS AND DEGREES) - CONVENTIONAL CELL
        A           B           C        ALPHA        BETA       GAMMA
     4.26473     4.26473     4.26473    90.00000    90.00000    90.00000


 NUMBER OF IRREDUCIBLE ATOMS IN THE CONVENTIONAL CELL:    3

 INPUT COORDINATES

 ATOM AT. N.              COORDINATES
   1  25     0.000000000000E+00  0.000000000000E+00  0.000000000000E+00
   2   9     5.000000000000E-01  0.000000000000E+00  0.000000000000E+00
   3  19     5.000000000000E-01  5.000000000000E-01  5.000000000000E-01

 *******************************************************************************

 << INFORMATION >>: FROM NOW ON, ALL COORDINATES REFER TO THE PRIMITIVE CELL

 *******************************************************************************

 LATTICE PARAMETERS  (ANGSTROMS AND DEGREES) - PRIMITIVE CELL
       A          B          C        ALPHA      BETA     GAMMA        VOLUME
    4.26473    4.26473    4.26473    90.00000  90.00000  90.00000     77.566460

 COORDINATES OF THE EQUIVALENT ATOMS (FRACTIONAL UNITS)

 N. ATOM EQUIV AT. N.          X                  Y                  Z

   1   1   1   25 MN    0.00000000000E+00  0.00000000000E+00  0.00000000000E+00

   2   2   1    9 F    -5.00000000000E-01  0.00000000000E+00  0.00000000000E+00
   3   2   2    9 F     0.00000000000E+00 -5.00000000000E-01  0.00000000000E+00
   4   2   3    9 F     0.00000000000E+00  0.00000000000E+00 -5.00000000000E-01

   5   3   1   19 K    -5.00000000000E-01 -5.00000000000E-01 -5.00000000000E-01

 NUMBER OF SYMMETRY OPERATORS         :   48
 *******************************************************************************
 * GEOMETRY EDITING - INPUT COORDINATES ARE GIVEN IN ANGSTROM         
 *******************************************************************************

 GEOMETRY NOW FULLY CONSISTENT WITH THE GROUP

 NO SYMMOPS WITH FINITE TRANSLATIONAL COMPONENT

 *******************************************************************************
 * SUPERCELL OPTION
 *******************************************************************************


        EXPANSION MATRIX OF PRIMITIVE CELL
 E1     1.000    -1.000     0.000
 E2     1.000     1.000     0.000
 E3     0.000     0.000     1.000

 NUMBER OF ATOMS PER SUPERCELL    10

        DIRECT LATTICE VECTORS COMPONENTS (ANGSTROM)
 B1     4.265    -4.265     0.000
 B2     4.265     4.265     0.000
 B3     0.000     0.000     4.265

 LATTICE PARAMETERS  (ANGSTROM AND DEGREES)
       A          B          C         ALPHA     BETA     GAMMA        VOLUME
    6.03124    6.03124    4.26473    90.00000  90.00000  90.00000    155.132921


 **** ATOMS BELONGING TO THE SUPERCELL
 LABEL AT.NO.      COORDINATES (ANGSTROM AND FRACTIONAL)
     1    25     0.0000     4.2647     0.0000    -0.5000     0.5000     0.0000
     2    25     0.0000     0.0000     0.0000     0.0000     0.0000     0.0000
     3     9     2.1324     0.0000     0.0000     0.2500     0.2500     0.0000
     4     9    -2.1324     0.0000     0.0000    -0.2500    -0.2500     0.0000
     5     9     0.0000     2.1324     0.0000    -0.2500     0.2500     0.0000
     6     9     0.0000    -2.1324     0.0000     0.2500    -0.2500     0.0000
     7     9     0.0000     4.2647     2.1324    -0.5000     0.5000     0.5000
     8     9     0.0000     0.0000     2.1324     0.0000     0.0000     0.5000
     9    19    -2.1324     2.1324     2.1324    -0.5000     0.0000     0.5000
    10    19    -2.1324    -2.1324     2.1324     0.0000    -0.5000     0.5000

 **************************** SUPERCELL GENERATED ****************************
 THE NUMBER OF SYMMETRY OPERATORS HAS BEEN REDUCED FROM 48 TO 16
 *******************************************************************************

 GCALCO - MAX INDICES DIRECT LATTICE VECTOR    13    13    18
 NO.OF VECTORS CREATED 6999 STARS  189 RMAX   120.61858 BOHR

 GEOMETRY FOR WAVE FUNCTION - DIMENSIONALITY OF THE SYSTEM    3
 (NON PERIODIC DIRECTION: LATTICE PARAMETER FORMALLY SET TO 500)
 *******************************************************************************
 LATTICE PARAMETERS (ANGSTROMS AND DEGREES) - BOHR = 0.5291772083 ANGSTROM
 PRIMITIVE CELL - CENTRING CODE 1/1 VOLUME=   155.132921 - DENSITY  3.230 g/cm^3
         A              B              C           ALPHA      BETA       GAMMA 
     6.03123599     6.03123599     4.26472787    90.000000  90.000000  90.000000
 *******************************************************************************
 ATOMS IN THE ASYMMETRIC UNIT    6 - ATOMS IN THE UNIT CELL:   10
     ATOM                 X/A                 Y/B                 Z/C    
 *******************************************************************************
      1 T  25 MN   -5.000000000000E-01 -5.000000000000E-01  0.000000000000E+00
      2 T  25 MN    0.000000000000E+00  0.000000000000E+00  0.000000000000E+00
      3 T   9 F     2.500000000000E-01  2.500000000000E-01  0.000000000000E+00
      4 F   9 F    -2.500000000000E-01 -2.500000000000E-01  0.000000000000E+00
      5 F   9 F    -2.500000000000E-01  2.500000000000E-01  0.000000000000E+00
      6 F   9 F     2.500000000000E-01 -2.500000000000E-01  0.000000000000E+00
      7 T   9 F    -5.000000000000E-01 -5.000000000000E-01 -5.000000000000E-01
      8 T   9 F     0.000000000000E+00  0.000000000000E+00 -5.000000000000E-01
      9 T  19 K    -5.000000000000E-01  9.119030964145E-17 -5.000000000000E-01
     10 F  19 K    -1.942444854154E-17 -5.000000000000E-01 -5.000000000000E-01

 T = ATOM BELONGING TO THE ASYMMETRIC UNIT

 ****   16 SYMMOPS - TRANSLATORS IN FRACTIONAL UNITS
 **** MATRICES AND TRANSLATORS IN THE CRYSTALLOGRAPHIC REFERENCE FRAME
   V INV                    ROTATION MATRICES                   TRANSLATORS
   1   1  1.00  0.00  0.00  0.00  1.00  0.00  0.00  0.00  1.00  0.00  0.00  0.00
   2   2 -1.00 -0.00  0.00 -0.00 -1.00  0.00  0.00  0.00  1.00  0.00  0.00  0.00
   3   3  0.00  1.00  0.00  1.00  0.00  0.00  0.00  0.00 -1.00  0.00  0.00  0.00
   4   4 -0.00 -1.00  0.00 -1.00 -0.00  0.00  0.00  0.00 -1.00  0.00  0.00  0.00
   5   5  1.00  0.00  0.00 -0.00 -1.00  0.00  0.00  0.00 -1.00  0.00  0.00  0.00
   6   6 -1.00 -0.00  0.00  0.00  1.00  0.00  0.00  0.00 -1.00  0.00  0.00  0.00
   7   8  0.00  1.00  0.00 -1.00 -0.00  0.00  0.00  0.00  1.00  0.00  0.00  0.00
   8   7 -0.00 -1.00  0.00  1.00  0.00  0.00  0.00  0.00  1.00  0.00  0.00  0.00
   9   9 -1.00 -0.00  0.00 -0.00 -1.00  0.00  0.00  0.00 -1.00  0.00  0.00  0.00
  10  10  1.00  0.00  0.00  0.00  1.00  0.00  0.00  0.00 -1.00  0.00  0.00  0.00
  11  11 -0.00 -1.00  0.00 -1.00 -0.00  0.00  0.00  0.00  1.00  0.00  0.00  0.00
  12  12  0.00  1.00  0.00  1.00  0.00  0.00  0.00  0.00  1.00  0.00  0.00  0.00
  13  13 -1.00 -0.00  0.00  0.00  1.00  0.00  0.00  0.00  1.00  0.00  0.00  0.00
  14  14  1.00  0.00  0.00 -0.00 -1.00  0.00  0.00  0.00  1.00  0.00  0.00  0.00
  15  16 -0.00 -1.00  0.00  1.00  0.00  0.00  0.00  0.00 -1.00  0.00  0.00  0.00
  16  15  0.00  1.00  0.00 -1.00 -0.00  0.00  0.00  0.00 -1.00  0.00  0.00  0.00

 DIRECT LATTICE VECTORS CARTESIAN COMPONENTS (ANGSTROM)
          X                    Y                    Z
   0.426472787000E+01  -0.426472787000E+01   0.000000000000E+00
   0.426472787000E+01   0.426472787000E+01   0.000000000000E+00
   0.000000000000E+00   0.000000000000E+00   0.426472787000E+01


 CARTESIAN COORDINATES - PRIMITIVE CELL
 *******************************************************************************
 *      ATOM          X(ANGSTROM)         Y(ANGSTROM)         Z(ANGSTROM)
 *******************************************************************************
    1    25 MN    4.264727870000E+00  0.000000000000E+00  0.000000000000E+00
    2    25 MN    0.000000000000E+00  0.000000000000E+00  0.000000000000E+00
    3     9 F     2.132363935000E+00  3.476130894242E-18  0.000000000000E+00
    4     9 F    -2.132363935000E+00 -1.166319114287E-16  0.000000000000E+00
    5     9 F     4.700037766092E-16  2.132363935000E+00  0.000000000000E+00
    6     9 F     2.350018883046E-16 -2.132363935000E+00  0.000000000000E+00
    7     9 F     4.264727870000E+00  0.000000000000E+00  2.132363935000E+00
    8     9 F     0.000000000000E+00  0.000000000000E+00  2.132363935000E+00
    9    19 K     2.132363935000E+00 -2.132363935000E+00  2.132363935000E+00
   10    19 K     2.132363935000E+00  2.132363935000E+00  2.132363935000E+00

 *******************************************************************************
 LOCAL ATOMIC FUNCTIONS BASIS SET
 *******************************************************************************
   ATOM   X(AU)   Y(AU)   Z(AU)  N. TYPE  EXPONENT  S COEF   P COEF   D/F/G COEF
 *******************************************************************************
   1 MN   8.059   0.000   0.000
                                  1 S  
                                         2.926E+05 2.270E-04 0.000E+00 0.000E+00
                                         4.226E+04 1.900E-03 0.000E+00 0.000E+00
                                         8.947E+03 1.110E-02 0.000E+00 0.000E+00
                                         2.330E+03 5.010E-02 0.000E+00 0.000E+00
                                         7.020E+02 1.705E-01 0.000E+00 0.000E+00
                                         2.429E+02 3.691E-01 0.000E+00 0.000E+00
                                         9.495E+01 4.035E-01 0.000E+00 0.000E+00
                                         3.958E+01 1.437E-01 0.000E+00 0.000E+00
                           2-     5 SP 
                                         7.321E+02-5.300E-03 8.600E-03 0.000E+00
                                         1.756E+02-6.730E-02 6.120E-02 0.000E+00
                                         5.851E+01-1.293E-01 2.135E-01 0.000E+00
                                         2.313E+01 2.535E-01 4.018E-01 0.000E+00
                                         9.754E+00 6.345E-01 4.012E-01 0.000E+00
                                         3.454E+00 2.714E-01 2.222E-01 0.000E+00
                           6-     9 SP 
                                         3.839E+01 1.570E-02-3.110E-02 0.000E+00
                                         1.544E+01-2.535E-01-9.690E-02 0.000E+00
                                         6.178E+00-8.648E-01 2.563E-01 0.000E+00
                                         2.824E+00 9.337E-01 1.655E+00 0.000E+00
                          10-    13 SP 
                                         1.209E+00 1.000E+00 1.000E+00 0.000E+00
                          14-    17 SP 
                                         4.986E-01 1.000E+00 1.000E+00 0.000E+00
                          18-    22 D  
                                         2.259E+01 0.000E+00 0.000E+00 7.080E-02
                                         6.167E+00 0.000E+00 0.000E+00 3.044E-01
                                         2.064E+00 0.000E+00 0.000E+00 5.469E-01
                                         7.401E-01 0.000E+00 0.000E+00 5.102E-01
                          23-    27 D  
                                         2.490E-01 0.000E+00 0.000E+00 1.000E+00
   2 MN   0.000   0.000   0.000
   3 F    4.030   0.000   0.000
                                 55 S  
                                         1.377E+04 8.770E-04 0.000E+00 0.000E+00
                                         1.590E+03 9.150E-03 0.000E+00 0.000E+00
                                         3.265E+02 4.860E-02 0.000E+00 0.000E+00
                                         9.166E+01 1.691E-01 0.000E+00 0.000E+00
                                         3.046E+01 3.708E-01 0.000E+00 0.000E+00
                                         1.150E+01 4.165E-01 0.000E+00 0.000E+00
                                         4.760E+00 1.306E-01 0.000E+00 0.000E+00
                          56-    59 SP 
                                         1.900E+01-1.094E-01 1.244E-01 0.000E+00
                                         4.530E+00-1.289E-01 5.323E-01 0.000E+00
                                         1.387E+00 1.000E+00 1.000E+00 0.000E+00
                          60-    63 SP 
                                         4.400E-01 1.000E+00 1.000E+00 0.000E+00
                          64-    67 SP 
                                         1.790E-01 1.000E+00 1.000E+00 0.000E+00
   4 F   -4.030  -0.000   0.000
   5 F    0.000   4.030   0.000
   6 F    0.000  -4.030   0.000
   7 F    8.059   0.000   4.030
   8 F    0.000   0.000   4.030
   9 K    4.030  -4.030   4.030
                                133 S  
                                         1.725E+05 2.200E-04 0.000E+00 0.000E+00
                                         2.432E+04 1.920E-03 0.000E+00 0.000E+00
                                         5.140E+03 1.109E-02 0.000E+00 0.000E+00
                                         1.344E+03 4.992E-02 0.000E+00 0.000E+00
                                         4.045E+02 1.702E-01 0.000E+00 0.000E+00
                                         1.394E+02 3.679E-01 0.000E+00 0.000E+00
                                         5.439E+01 4.036E-01 0.000E+00 0.000E+00
                                         2.271E+01 1.459E-01 0.000E+00 0.000E+00
                         134-   137 SP 
                                         4.020E+02-6.030E-03 8.410E-03 0.000E+00
                                         9.350E+01-8.050E-02 6.020E-02 0.000E+00
                                         3.075E+01-1.094E-01 2.117E-01 0.000E+00
                                         1.192E+01 2.580E-01 3.726E-01 0.000E+00
                                         5.167E+00 6.840E-01 4.022E-01 0.000E+00
                                         1.582E+00 3.990E-01 1.860E-01 0.000E+00
                         138-   141 SP 
                                         1.735E+01-7.400E-03-3.210E-02 0.000E+00
                                         7.550E+00-1.290E-01-6.200E-02 0.000E+00
                                         2.939E+00-6.834E-01 1.691E-01 0.000E+00
                                         1.190E+00 1.080E+00 1.500E+00 0.000E+00
                                         6.740E-01 1.030E+00 1.060E+00 0.000E+00
                         142-   145 SP 
                                         3.890E-01 1.000E+00 1.000E+00 0.000E+00
                         146-   149 SP 
                                         2.160E-01 1.000E+00 1.000E+00 0.000E+00
  10 K    4.030   4.030   4.030
 INFORMATION **** SET_MPP **** PCRYSTAL CALCULATION
 INFORMATION **** READM2 **** NEW DEFAULT: FOCK/KS MATRIX MIXING SET TO 30 %
 INFORMATION **** READM2 **** NEW DEFAULT: FULL DIRECT SCF MODE
 INFORMATION **** READM2 **** NEW DEFAULT: COULOMB BIPOLAR BUFFER SET TO 32 Mb
 INFORMATION **** READM2 **** NEW DEFAULT: EXCHANGE BIPOLAR BUFFER SET TO 32 Mb

 *******************************************************************************
 NEW DEFAULT: DFT INTEGRATION GRID INCREASED TO XLGRID
 NEW DEFAULT: DIIS ACCELERATOR ACTIVE
 USE KEYWORD NODIIS TO TURN IT OFF
 *******************************************************************************

 INFORMATION **** TOLINTEG **** COULOMB AND EXCHANGE SERIES TOLERANCES MODIFIED
 INFORMATION **** MULPOPAN ****  MULLIKEN POPULATION ANALYSIS AT THE END OF SCF
 INFORMATION **** SPINLOCK **** LOCK IN A GIVEN SPIN STATE
 ALPHA-BETA ELECTRONS LOCKED TO  10 WHILE ENE DIFF BETWEEN CYCS GT 10**  -6
 INFORMATION **** LEVSHIFT **** LEVEL SHIFTER ACTIVE
 INFORMATION **** TOLDEE **** SCF TOL ON TOTAL ENERGY SET TO           7


 *******************************************************************************
 * FOCK MATRIX DIAGONAL ELEMENT SHIFT (A.U.)
 *******************************************************************************
    ATOM   SHELL   A.O.      SHIFT(ALPHA)    SHIFT(BETA)
      1      6      1         0.000E+00       9.000E-01
      1      6      2         0.000E+00       9.000E-01
      1      6      3         0.000E+00       9.000E-01
      1      6      4         0.000E+00       9.000E-01
      1      6      5         0.000E+00       9.000E-01
      2      6      1         0.000E+00       9.000E-01
      2      6      2         0.000E+00       9.000E-01
      2      6      3         0.000E+00       9.000E-01
      2      6      4         0.000E+00       9.000E-01
      2      6      5         0.000E+00       9.000E-01
 INFORMATION **** READM2 **** LEVSHIFT DISABLED BECAUSE NOT COMPATIBLE WITH DIIS
 INFORMATION **** READM2 **** TO MAKE LEVSHIFT EFFECTIVE YOU MUST SET NODIIS
 *******************************************************************************
 N. OF ATOMS PER CELL        10  COULOMB OVERLAP TOL         (T1) 10**  -10
 NUMBER OF SHELLS            48  COULOMB PENETRATION TOL     (T2) 10**  -10
 NUMBER OF AO               166  EXCHANGE OVERLAP TOL        (T3) 10**  -10
 N. OF ELECTRONS PER CELL   142  EXCHANGE PSEUDO OVP (F(G))  (T4) 10**  -10
 CORE ELECTRONS PER CELL     84  EXCHANGE PSEUDO OVP (P(G))  (T5) 10**  -20
 N. OF SYMMETRY OPERATORS    16  POLE ORDER IN MONO ZONE                  4
 *******************************************************************************
 TYPE OF CALCULATION :  UNRESTRICTED OPEN SHELL
 KOHN-SHAM HAMILTONIAN

 (EXCHANGE)[CORRELATION] FUNCTIONAL:(BECKE 88)[LEE-YANG-PARR]

 NON-LOCAL WEIGHTING FACTOR (EXCHANGE) =           0.9000
 NON-LOCAL WEIGHTING FACTOR [CORRELATION] =        0.8100

 HYBRID EXCHANGE - PERCENTAGE OF FOCK EXCHANGE    20.0000

 SPIN POLARIZED DFT SELECTED
 SPIN POLARIZATION - ALPHA-BETA = 10 FOR  -6 CYCLES

 CAPPA:IS1  8;IS2  8;IS3  8; K PTS MONK NET  75; SYMMOPS:K SPACE  16;G SPACE  16

 *******************************************************************************
 MAX NUMBER OF SCF CYCLES      50  CONVERGENCE ON DELTAP        10**-17
 WEIGHT OF F(I) IN F(I+1)      30% CONVERGENCE ON ENERGY        10**- 7
 SPIN POLARIZATION - ALPHA-BETA = 10 WHILE ENE DIFF GT          10** -6
 SHRINK. FACT.(MONKH.)    8  8  8  NUMBER OF K POINTS IN THE IBZ     75
 SHRINKING FACTOR(GILAT NET)    8  NUMBER OF K POINTS(GILAT NET)     75
 *******************************************************************************
 *** K POINTS COORDINATES (OBLIQUE COORDINATES IN UNITS OF IS =  8)
   1-R(  0  0  0)   2-C(  1  0  0)   3-C(  2  0  0)   4-C(  3  0  0)
   5-R(  4  0  0)   6-C(  1  1  0)   7-C(  2  1  0)   8-C(  3  1  0)
   9-C(  4  1  0)  10-C(  2  2  0)  11-C(  3  2  0)  12-C(  4  2  0)
  13-C(  3  3  0)  14-C(  4  3  0)  15-R(  4  4  0)  16-C(  0  0  1)
  17-C(  1  0  1)  18-C(  2  0  1)  19-C(  3  0  1)  20-C(  4  0  1)
  21-C(  1  1  1)  22-C(  2  1  1)  23-C(  3  1  1)  24-C(  4  1  1)
  25-C(  2  2  1)  26-C(  3  2  1)  27-C(  4  2  1)  28-C(  3  3  1)
  29-C(  4  3  1)  30-C(  4  4  1)  31-C(  0  0  2)  32-C(  1  0  2)
  33-C(  2  0  2)  34-C(  3  0  2)  35-C(  4  0  2)  36-C(  1  1  2)
  37-C(  2  1  2)  38-C(  3  1  2)  39-C(  4  1  2)  40-C(  2  2  2)
  41-C(  3  2  2)  42-C(  4  2  2)  43-C(  3  3  2)  44-C(  4  3  2)
  45-C(  4  4  2)  46-C(  0  0  3)  47-C(  1  0  3)  48-C(  2  0  3)
  49-C(  3  0  3)  50-C(  4  0  3)  51-C(  1  1  3)  52-C(  2  1  3)
  53-C(  3  1  3)  54-C(  4  1  3)  55-C(  2  2  3)  56-C(  3  2  3)
  57-C(  4  2  3)  58-C(  3  3  3)  59-C(  4  3  3)  60-C(  4  4  3)
  61-R(  0  0  4)  62-C(  1  0  4)  63-C(  2  0  4)  64-C(  3  0  4)
  65-R(  4  0  4)  66-C(  1  1  4)  67-C(  2  1  4)  68-C(  3  1  4)
  69-C(  4  1  4)  70-C(  2  2  4)  71-C(  3  2  4)  72-C(  4  2  4)
  73-C(  3  3  4)  74-C(  4  3  4)  75-R(  4  4  4)

 DIRECT LATTICE VECTORS COMPON. (A.U.)     RECIP. LATTICE VECTORS COMPON. (A.U.) 
        X            Y            Z              X            Y            Z
    8.0591677   -8.0591677    0.0000000      0.3898160   -0.3898160    0.0000000
    8.0591677    8.0591677    0.0000000      0.3898160    0.3898160    0.0000000
    0.0000000    0.0000000    8.0591677      0.0000000    0.0000000    0.7796320

 DISK SPACE FOR EIGENVECTORS (FTN 10)     3968064 REALS

 SYMMETRY ADAPTION OF THE BLOCH FUNCTIONS ENABLED
 TTTTTTTTTTTTTTTTTTTTTTTTTTTTTT gordsh1     TELAPSE        0.47 TCPU        0.10

 MATRIX SIZE: P(G)  350110, F(G)   62472, P(G) IRR   22695, F(G) IRR   10110
 MAX G-VECTOR INDEX FOR 1- AND 2-ELECTRON INTEGRALS 131

 TTTTTTTTTTTTTTTTTTTTTTTTTTTTTT INPUT       TELAPSE        0.48 TCPU        0.11

 NEIGHBORS OF THE NON-EQUIVALENT ATOMS

 N = NUMBER OF NEIGHBORS AT DISTANCE R
    ATOM  N     R/ANG      R/AU   NEIGHBORS (ATOM LABELS AND CELL INDICES)
   1 MN   6     2.1324     4.0296    3 F    0 0 0    4 F    1 1 0    5 F    1 0 0
                                     6 F    0 1 0    7 F    0 0 0    7 F    0 0-1
   1 MN   8     3.6934     6.9794    9 K    0 0 0    9 K    0 0-1    9 K    0 1 0
                                     9 K    0 1-1   10 K    0 0-1   10 K    0 0 0
                                    10 K    1 0-1   10 K    1 0 0
   1 MN   6     4.2647     8.0592    1 MN   0 0-1    1 MN   0 0 1    2 MN   0 0 0
                                     2 MN   1 0 0    2 MN   0 1 0    2 MN   1 1 0
   1 MN  24     4.7681     9.0104    3 F    0 0 1    3 F    0 0-1    3 F    1 0 0
                                     3 F    0 1 0    4 F    1 1 1    4 F    1 1-1
                                     4 F    0 1 0    4 F    1 0 0    5 F    1 0-1
                                     5 F    1 0 1    5 F    0 0 0    5 F    1 1 0
                                     6 F    0 1-1    6 F    0 1 1    6 F    1 1 0
                                     6 F    0 0 0    8 F    0 0 0    8 F    0 0-1
                                     8 F    1 0 0    8 F    0 1 0    8 F    1 0-1
                                     8 F    0 1-1    8 F    1 1 0    8 F    1 1-1
   1 MN  12     6.0312    11.3974    1 MN  -1 0 0    1 MN   1 0 0    1 MN   0-1 0
                                     1 MN   0 1 0    2 MN   0 0 1    2 MN   0 0-1
                                     2 MN   1 0 1    2 MN   1 0-1    2 MN   0 1 1
                                     2 MN   0 1-1    2 MN   1 1 1    2 MN   1 1-1
   1 MN  30     6.3971    12.0888    3 F    1 0 1    3 F    1 0-1    3 F    0 1 1
                                     3 F    0 1-1    3 F    1 1 0    4 F    0 1 1
                                     4 F    0 1-1    4 F    1 0 1    4 F    1 0-1
                                     4 F    0 0 0    5 F    0 0-1    5 F    0 0 1
                                     5 F    1 1-1    5 F    1 1 1    5 F    0 1 0
                                     6 F    1 1-1    6 F    1 1 1    6 F    0 0-1
                                     6 F    0 0 1    6 F    1 0 0    7 F    0 0 1
                                     7 F    1 0 0    7 F   -1 0 0    7 F    0 1 0
                                     7 F    0-1 0    7 F   -1 0-1    7 F    1 0-1
                                     7 F    0-1-1    7 F    0 1-1    7 F    0 0-2

   2 MN   6     2.1324     4.0296    3 F    0 0 0    4 F    0 0 0    5 F    0 0 0
                                     6 F    0 0 0    8 F    0 0 0    8 F    0 0-1
   2 MN   8     3.6934     6.9794    9 K    0 0 0    9 K    0 0-1    9 K   -1 0 0
                                     9 K   -1 0-1   10 K    0 0-1   10 K    0 0 0
                                    10 K    0-1-1   10 K    0-1 0
   2 MN   6     4.2647     8.0592    1 MN   0 0 0    1 MN  -1 0 0    1 MN   0-1 0
                                     1 MN  -1-1 0    2 MN   0 0-1    2 MN   0 0 1
   2 MN  24     4.7681     9.0104    3 F    0 0 1    3 F    0 0-1    3 F   -1 0 0
                                     3 F    0-1 0    4 F    0 0-1    4 F    0 0 1
                                     4 F    1 0 0    4 F    0 1 0    5 F    0 0 1
                                     5 F    0 0-1    5 F    1 0 0    5 F    0-1 0
                                     6 F    0 0-1    6 F    0 0 1    6 F   -1 0 0
                                     6 F    0 1 0    7 F    0 0 0    7 F    0 0-1
                                     7 F   -1 0 0    7 F    0-1 0    7 F   -1 0-1
                                     7 F    0-1-1    7 F   -1-1 0    7 F   -1-1-1
   2 MN  12     6.0312    11.3974    1 MN   0 0-1    1 MN   0 0 1    1 MN  -1 0-1
                                     1 MN  -1 0 1    1 MN   0-1-1    1 MN   0-1 1
                                     1 MN  -1-1-1    1 MN  -1-1 1    2 MN  -1 0 0
                                     2 MN   1 0 0    2 MN   0-1 0    2 MN   0 1 0
   2 MN  30     6.3971    12.0888    3 F   -1 0-1    3 F   -1 0 1    3 F    0-1-1
                                     3 F    0-1 1    3 F   -1-1 0    4 F    1 0 1
                                     4 F    1 0-1    4 F    0 1 1    4 F    0 1-1
                                     4 F    1 1 0    5 F    1 0-1    5 F    1 0 1
                                     5 F    0-1-1    5 F    0-1 1    5 F    1-1 0
                                     6 F   -1 0 1    6 F   -1 0-1    6 F    0 1 1
                                     6 F    0 1-1    6 F   -1 1 0    8 F    0 0 1
                                     8 F    1 0 0    8 F   -1 0 0    8 F    0 1 0
                                     8 F    0-1 0    8 F   -1 0-1    8 F    1 0-1
                                     8 F    0-1-1    8 F    0 1-1    8 F    0 0-2

   3 F    2     2.1324     4.0296    1 MN   0 0 0    2 MN   0 0 0
   3 F    8     3.0156     5.6987    5 F    0 0 0    5 F    1 0 0    6 F    0 0 0
                                     6 F    0 1 0    7 F    0 0 0    7 F    0 0-1
                                     8 F    0 0 0    8 F    0 0-1
   3 F    4     3.0156     5.6987    9 K    0 0 0    9 K    0 0-1   10 K    0 0-1
                                    10 K    0 0 0
   3 F    6     4.2647     8.0592    3 F    0 0-1    3 F    0 0 1    4 F    0 0 0
                                     4 F    1 0 0    4 F    0 1 0    4 F    1 1 0
   3 F    8     4.7681     9.0104    1 MN   0 0-1    1 MN   0 0 1    1 MN  -1 0 0
                                     1 MN   0-1 0    2 MN   0 0-1    2 MN   0 0 1
                                     2 MN   1 0 0    2 MN   0 1 0
   3 F   16     5.2232     9.8704    5 F    0 0 1    5 F    0 0-1    5 F    1 0 1
                                     5 F    1 0-1    6 F    0 0-1    6 F    0 0 1
                                     6 F    0 1-1    6 F    0 1 1    7 F   -1 0 0
                                     7 F    0-1 0    7 F   -1 0-1    7 F    0-1-1
                                     8 F    1 0 0    8 F    0 1 0    8 F    1 0-1
                                     8 F    0 1-1

   7 F    2     2.1324     4.0296    1 MN   0 0 0    1 MN   0 0 1
   7 F    8     3.0156     5.6987    3 F    0 0 0    3 F    0 0 1    4 F    1 1 0
                                     4 F    1 1 1    5 F    1 0 1    5 F    1 0 0
                                     6 F    0 1 1    6 F    0 1 0
   7 F    4     3.0156     5.6987    9 K    0 0 0    9 K    0 1 0   10 K    0 0 0
                                    10 K    1 0 0
   7 F    6     4.2647     8.0592    7 F    0 0-1    7 F    0 0 1    8 F    0 0 0
                                     8 F    1 0 0    8 F    0 1 0    8 F    1 1 0
   7 F    8     4.7681     9.0104    2 MN   0 0 0    2 MN   0 0 1    2 MN   1 0 0
                                     2 MN   0 1 0    2 MN   1 0 1    2 MN   0 1 1
                                     2 MN   1 1 0    2 MN   1 1 1
   7 F   16     5.2232     9.8704    3 F    1 0 0    3 F    0 1 0    3 F    1 0 1
                                     3 F    0 1 1    4 F    0 1 0    4 F    1 0 0
                                     4 F    0 1 1    4 F    1 0 1    5 F    0 0 1
                                     5 F    1 1 1    5 F    0 0 0    5 F    1 1 0
                                     6 F    1 1 1    6 F    0 0 1    6 F    1 1 0
                                     6 F    0 0 0

   8 F    2     2.1324     4.0296    2 MN   0 0 0    2 MN   0 0 1
   8 F    8     3.0156     5.6987    3 F    0 0 0    3 F    0 0 1    4 F    0 0 0
                                     4 F    0 0 1    5 F    0 0 1    5 F    0 0 0
                                     6 F    0 0 1    6 F    0 0 0
   8 F    4     3.0156     5.6987    9 K    0 0 0    9 K   -1 0 0   10 K    0 0 0
                                    10 K    0-1 0
   8 F    6     4.2647     8.0592    7 F    0 0 0    7 F   -1 0 0    7 F    0-1 0
                                     7 F   -1-1 0    8 F    0 0-1    8 F    0 0 1
   8 F    8     4.7681     9.0104    1 MN   0 0 0    1 MN   0 0 1    1 MN  -1 0 0
                                     1 MN   0-1 0    1 MN  -1 0 1    1 MN   0-1 1
                                     1 MN  -1-1 0    1 MN  -1-1 1
   8 F   16     5.2232     9.8704    3 F   -1 0 0    3 F    0-1 0    3 F   -1 0 1
                                     3 F    0-1 1    4 F    1 0 0    4 F    0 1 0
                                     4 F    1 0 1    4 F    0 1 1    5 F    1 0 1
                                     5 F    0-1 1    5 F    1 0 0    5 F    0-1 0
                                     6 F   -1 0 1    6 F    0 1 1    6 F   -1 0 0
                                     6 F    0 1 0

   9 K   12     3.0156     5.6987    3 F    0 0 0    3 F    0 0 1    4 F    1 0 0
                                     4 F    1 0 1    5 F    1 0 1    5 F    1 0 0
                                     6 F    0 0 1    6 F    0 0 0    7 F    0 0 0
                                     7 F    0-1 0    8 F    0 0 0    8 F    1 0 0
   9 K    8     3.6934     6.9794    1 MN   0 0 0    1 MN   0 0 1    1 MN   0-1 0
                                     1 MN   0-1 1    2 MN   0 0 0    2 MN   0 0 1
                                     2 MN   1 0 0    2 MN   1 0 1
   9 K    6     4.2647     8.0592    9 K    0 0-1    9 K    0 0 1   10 K    0 0 0
                                    10 K    1 0 0   10 K    0-1 0   10 K    1-1 0
   9 K   24     5.2232     9.8704    3 F    1 0 0    3 F    0-1 0    3 F    1 0 1
                                     3 F    0-1 1    4 F    0 0 0    4 F    1 1 0
                                     4 F    0 0 1    4 F    1 1 1    5 F    0 0 1
                                     5 F    1-1 1    5 F    0 0 0    5 F    1-1 0
                                     6 F    1 0 1    6 F    0 1 1    6 F    1 0 0
                                     6 F    0 1 0    7 F    0 0-1    7 F    0 0 1
                                     7 F    0-1-1    7 F    0-1 1    8 F    0 0-1
                                     8 F    0 0 1    8 F    1 0-1    8 F    1 0 1
   9 K   12     6.0312    11.3974    9 K   -1 0 0    9 K    1 0 0    9 K    0-1 0
                                     9 K    0 1 0   10 K    0 0 1   10 K    0 0-1
                                    10 K    1 0 1   10 K    1 0-1   10 K    0-1-1
                                    10 K    0-1 1   10 K    1-1 1   10 K    1-1-1
   9 K   24     6.7431    12.7427    3 F    0 0-1    3 F    1-1 0    3 F    0 0 2
                                     3 F    1-1 1    4 F    1 0-1    4 F    0 1 0
                                     4 F    1 0 2    4 F    0 1 1    5 F    1 0 2
                                     5 F    0-1 1    5 F    1 0-1    5 F    0-1 0
                                     6 F    0 0 2    6 F    1 1 1    6 F    0 0-1
                                     6 F    1 1 0    7 F   -1 0 0    7 F    1 0 0
                                     7 F   -1-1 0    7 F    1-1 0    8 F    0 1 0
                                     8 F    0-1 0    8 F    1 1 0    8 F    1-1 0


 SYMMETRY ALLOWED INTERNAL DEGREE(S) OF FREEDOM:   1
 TTTTTTTTTTTTTTTTTTTTTTTTTTTTTT SYMM        TELAPSE        0.76 TCPU        0.25
 TTTTTTTTTTTTTTTTTTTTTTTTTTTTTT INT_SCREEN  TELAPSE        0.76 TCPU        0.25
 INFORMATION **** EXCBUF **** EXCH. BIPO BUFFER: WORDS USED =     1130841

 DFT PARAMETERS

     ATOM       ELECTRONS   NET CHARGE   R(ANGSTROM)
   1  25  MN     23.0000      2.0000     0.83000000
   3   9  F      10.0000     -1.0000     1.33000000
   9  19  K      18.0000      1.0000     1.38000000

 SIZE OF GRID=      31228
 TTTTTTTTTTTTTTTTTTTTTTTTTTTTTT MAKE_GRID2  TELAPSE        1.98 TCPU        1.48
 BECKE WEIGHT FUNCTION
 RADSAFE =     2.00
 TOLERANCES - DENSITY:10**- 6; POTENTIAL:10**- 9; GRID WGT:10**-14

 RADIAL INTEGRATION  - INTERVALS (POINTS,UPPER LIMIT):            1( 99,  4.0*R)

 ANGULAR INTEGRATION - INTERVALS (ACCURACY LEVEL [N. POINTS] UPPER LIMIT):
  1(  6[ 146]   0.2)  2( 11[ 302]   0.5)  3( 14[ 590]   0.9)  4( 18[1454]   3.5)
  5( 14[ 590]9999.0)
 TTTTTTTTTTTTTTTTTTTTTTTTTTTTTT INT_CALC    TELAPSE        2.01 TCPU        1.50
 EEEEEEEEEE INT_CALC TERMINATION  DATE 07 07 2022 TIME 16:12:51.6

 *******************************************************************************
 KMnF3                                                                           
 CRYSTAL - SCF - TYPE OF CALCULATION :  UNRESTRICTED OPEN SHELL
 *******************************************************************************

 CAPPA:IS1  8;IS2  8;IS3  8; K PTS MONK NET  75; SYMMOPS:K SPACE  16;G SPACE  16

 TTTTTTTTTTTTTTTTTTTTTTTTTTTTTT SDIK        TELAPSE        2.10 TCPU        1.52

 AAAAAAAAAAAAAAAAAAAAAAAAAAAAAAAAAAAAAAAAAAAAAAAAAAAAAAAAAAAAAAAAAAAAAAAAAAAAAAA
         ATOMIC WAVEFUNCTION(S)


 NUCLEAR CHARGE 25.0  SYMMETRY SPECIES            S    P    D
 N. ELECTRONS   23.0  NUMBER OF PRIMITIVE GTOS   20   12    5
                      NUMBER OF CONTRACTED GTOS   5    4    2
                      NUMBER OF CLOSED SHELLS     3    2    0
                      OPEN SHELL OCCUPATION       0    0    5

  ZNUC SCFIT  TOTAL HF ENERGY   KINETIC ENERGY   VIRIAL THEOREM ACCURACY
  25.0  25   -1.149037824E+03  1.148794997E+03 -2.000211375E+00  4.6E-06

 NUCLEAR CHARGE  9.0  SYMMETRY SPECIES            S    P
 N. ELECTRONS   10.0  NUMBER OF PRIMITIVE GTOS   12    5
                      NUMBER OF CONTRACTED GTOS   4    3
                      NUMBER OF CLOSED SHELLS     2    1
                      OPEN SHELL OCCUPATION       0    0

  ZNUC SCFIT  TOTAL HF ENERGY   KINETIC ENERGY   VIRIAL THEOREM ACCURACY
   9.0  28   -9.941465138E+01  9.937084613E+01 -2.000440826E+00  3.8E-06

 NUCLEAR CHARGE 19.0  SYMMETRY SPECIES            S    P
 N. ELECTRONS   18.0  NUMBER OF PRIMITIVE GTOS   21   13
                      NUMBER OF CONTRACTED GTOS   5    4
                      NUMBER OF CLOSED SHELLS     3    2
                      OPEN SHELL OCCUPATION       0    0

  ZNUC SCFIT  TOTAL HF ENERGY   KINETIC ENERGY   VIRIAL THEOREM ACCURACY
  19.0   8   -5.989803226E+02  5.986852283E+02 -2.000492904E+00  1.3E-06

 AAAAAAAAAAAAAAAAAAAAAAAAAAAAAAAAAAAAAAAAAAAAAAAAAAAAAAAAAAAAAAAAAAAAAAAAAAAAAAA

 CHARGE NORMALIZATION FACTOR   1.00000000
 TOTAL ATOMIC CHARGES:
  23.0000000  23.0000000  10.0000000  10.0000000  10.0000000  10.0000000
  10.0000000  10.0000000  18.0000000  18.0000000
 SUMMED SPIN DENSITY           0.00000000
 TOTAL ATOMIC SPINS  :
   0.0000000   0.0000000   0.0000000   0.0000000   0.0000000   0.0000000
   0.0000000   0.0000000   0.0000000   0.0000000
 TTTTTTTTTTTTTTTTTTTTTTTTTTTTTT MOQGAD      TELAPSE        2.18 TCPU        1.60
 TTTTTTTTTTTTTTTTTTTTTTTTTTTTTT SHELLXN     TELAPSE        2.97 TCPU        2.38
 TTTTTTTTTTTTTTTTTTTTTTTTTTTTTT MONMO3      TELAPSE        5.01 TCPU        4.42
 NUMERICALLY INTEGRATED DENSITY     70.9999906160     70.9999906160
 TTTTTTTTTTTTTTTTTTTTTTTTTTTTTT NUMDFT      TELAPSE        5.07 TCPU        4.48
 CYC   0 ETOT(AU) -4.100886925958E+03 DETOT -4.10E+03 tst  0.00E+00 PX  1.00E+00
 TTTTTTTTTTTTTTTTTTTTTTTTTTTTTT DIIS        TELAPSE        5.07 TCPU        4.49
 TTTTTTTTTTTTTTTTTTTTTTTTTTTTTT FDIK        TELAPSE        5.45 TCPU        4.69
 SPIN LOCKING: NO ENERGY GAP COMPUTED
 TTTTTTTTTTTTTTTTTTTTTTTTTTTTTT PDIG        TELAPSE        5.57 TCPU        4.81
 CHARGE NORMALIZATION FACTOR   1.00000000
 TOTAL ATOMIC CHARGES:
  23.2886061  23.2886059   9.8977780   9.8977780   9.8977780   9.8977780
   9.8977779   9.8977778  18.0180602  18.0180602
 SUMMED SPIN DENSITY          10.00000000
 TOTAL ATOMIC SPINS  :
   4.8553556   4.8553555   0.0480276   0.0480276   0.0480276   0.0480276
   0.0480277   0.0480277   0.0005615   0.0005615
 TTTTTTTTTTTTTTTTTTTTTTTTTTTTTT MOQGAD      TELAPSE        5.57 TCPU        4.81
 TTTTTTTTTTTTTTTTTTTTTTTTTTTTTT SHELLXN     TELAPSE        6.45 TCPU        5.68
 TTTTTTTTTTTTTTTTTTTTTTTTTTTTTT MONMO3      TELAPSE        8.58 TCPU        7.81
 NUMERICALLY INTEGRATED DENSITY     75.9999877177     65.9999930307
 TTTTTTTTTTTTTTTTTTTTTTTTTTTTTT NUMDFT      TELAPSE        8.81 TCPU        8.03
 CYC   1 ETOT(AU) -4.100987731634E+03 DETOT -1.01E-01 tst  0.00E+00 PX  1.00E+00
 TTTTTTTTTTTTTTTTTTTTTTTTTTTTTT DIIS        TELAPSE        8.88 TCPU        8.10
 DIIS TEST: 0.49749E+00 AT SCF   CYCLE   1 - MIX   30 %
 TTTTTTTTTTTTTTTTTTTTTTTTTTTTTT FDIK        TELAPSE        9.15 TCPU        8.20
 SPIN LOCKING: NO ENERGY GAP COMPUTED
 TTTTTTTTTTTTTTTTTTTTTTTTTTTTTT PDIG        TELAPSE        9.27 TCPU        8.32
 CHARGE NORMALIZATION FACTOR   1.00000000
 TOTAL ATOMIC CHARGES:
  23.4655015  23.4655215   9.8379826   9.8379826   9.8379826   9.8379826
   9.8380481   9.8380216  18.0204884  18.0204884
 SUMMED SPIN DENSITY          10.00000000
 TOTAL ATOMIC SPINS  :
   4.7348979   4.7348424   0.0886980   0.0886980   0.0886980   0.0886980
   0.0885644   0.0886122  -0.0008545  -0.0008545
 TTTTTTTTTTTTTTTTTTTTTTTTTTTTTT MOQGAD      TELAPSE        9.27 TCPU        8.33
 TTTTTTTTTTTTTTTTTTTTTTTTTTTTTT SHELLXN     TELAPSE       10.15 TCPU        9.19
 TTTTTTTTTTTTTTTTTTTTTTTTTTTTTT MONMO3      TELAPSE       12.26 TCPU       11.30
 NUMERICALLY INTEGRATED DENSITY     75.9999881475     65.9999926791
 TTTTTTTTTTTTTTTTTTTTTTTTTTTTTT NUMDFT      TELAPSE       12.46 TCPU       11.50
 CYC   2 ETOT(AU) -4.101006953398E+03 DETOT -1.92E-02 tst  4.76E-03 PX  9.97E-02
 TTTTTTTTTTTTTTTTTTTTTTTTTTTTTT DIIS        TELAPSE       12.57 TCPU       11.61
 DIIS TEST: 0.60551E+00 AT SCF   CYCLE   2 - DIIS ACTIVE - HISTORY:     2 CYCLES
 TTTTTTTTTTTTTTTTTTTTTTTTTTTTTT FDIK        TELAPSE       12.83 TCPU       11.71
 SPIN LOCKING: NO ENERGY GAP COMPUTED
 TTTTTTTTTTTTTTTTTTTTTTTTTTTTTT PDIG        TELAPSE       12.95 TCPU       11.83
 CHARGE NORMALIZATION FACTOR   1.00000000
 TOTAL ATOMIC CHARGES:
  23.3392909  23.3392934   9.8809177   9.8809177   9.8809177   9.8809177
   9.8809405   9.8809440  18.0179303  18.0179303
 SUMMED SPIN DENSITY          10.00000000
 TOTAL ATOMIC SPINS  :
   4.8396280   4.8396257   0.0537739   0.0537739   0.0537739   0.0537739
   0.0537701   0.0537655  -0.0009425  -0.0009425
 TTTTTTTTTTTTTTTTTTTTTTTTTTTTTT MOQGAD      TELAPSE       12.96 TCPU       11.83
 TTTTTTTTTTTTTTTTTTTTTTTTTTTTTT SHELLXN     TELAPSE       13.88 TCPU       12.70
 TTTTTTTTTTTTTTTTTTTTTTTTTTTTTT MONMO3      TELAPSE       15.95 TCPU       14.78
 NUMERICALLY INTEGRATED DENSITY     75.9999881949     65.9999929174
 TTTTTTTTTTTTTTTTTTTTTTTTTTTTTT NUMDFT      TELAPSE       16.14 TCPU       14.97
 CYC   3 ETOT(AU) -4.101061421723E+03 DETOT -5.45E-02 tst  3.28E-03 PX  4.51E-02
 TTTTTTTTTTTTTTTTTTTTTTTTTTTTTT DIIS        TELAPSE       16.30 TCPU       15.13
 DIIS TEST: 0.21959E-01 AT SCF   CYCLE   3 - DIIS ACTIVE - HISTORY:     3 CYCLES
 TTTTTTTTTTTTTTTTTTTTTTTTTTTTTT FDIK        TELAPSE       16.56 TCPU       15.23
 SPIN LOCKING: NO ENERGY GAP COMPUTED
 TTTTTTTTTTTTTTTTTTTTTTTTTTTTTT PDIG        TELAPSE       16.68 TCPU       15.35
 CHARGE NORMALIZATION FACTOR   1.00000000
 TOTAL ATOMIC CHARGES:
  23.3370135  23.3370134   9.8807632   9.8807632   9.8807632   9.8807632
   9.8807450   9.8807462  18.0207145  18.0207145
 SUMMED SPIN DENSITY          10.00000000
 TOTAL ATOMIC SPINS  :
   4.8417955   4.8417958   0.0530382   0.0530382   0.0530382   0.0530382
   0.0530461   0.0530454  -0.0009178  -0.0009178
 TTTTTTTTTTTTTTTTTTTTTTTTTTTTTT MOQGAD      TELAPSE       16.68 TCPU       15.36
 TTTTTTTTTTTTTTTTTTTTTTTTTTTTTT SHELLXN     TELAPSE       17.61 TCPU       16.23
 TTTTTTTTTTTTTTTTTTTTTTTTTTTTTT MONMO3      TELAPSE       19.65 TCPU       18.28
 NUMERICALLY INTEGRATED DENSITY     75.9999880890     65.9999928405
 TTTTTTTTTTTTTTTTTTTTTTTTTTTTTT NUMDFT      TELAPSE       19.84 TCPU       18.46
 CYC   4 ETOT(AU) -4.101062788186E+03 DETOT -1.37E-03 tst  2.83E-05 PX  8.20E-03
 TTTTTTTTTTTTTTTTTTTTTTTTTTTTTT DIIS        TELAPSE       19.90 TCPU       18.53
 DIIS TEST: 0.45217E-02 AT SCF   CYCLE   4 - DIIS ACTIVE - HISTORY:     4 CYCLES
 TTTTTTTTTTTTTTTTTTTTTTTTTTTTTT FDIK        TELAPSE       20.14 TCPU       18.58
 SPIN LOCKING: NO ENERGY GAP COMPUTED
 TTTTTTTTTTTTTTTTTTTTTTTTTTTTTT PDIG        TELAPSE       20.26 TCPU       18.70
 CHARGE NORMALIZATION FACTOR   1.00000000
 TOTAL ATOMIC CHARGES:
  23.3330296  23.3330296   9.8822897   9.8822897   9.8822897   9.8822897
   9.8822933   9.8822925  18.0200981  18.0200981
 SUMMED SPIN DENSITY          10.00000000
 TOTAL ATOMIC SPINS  :
   4.8448683   4.8448679   0.0520150   0.0520150   0.0520150   0.0520150
   0.0520145   0.0520147  -0.0009127  -0.0009127
 TTTTTTTTTTTTTTTTTTTTTTTTTTTTTT MOQGAD      TELAPSE       20.26 TCPU       18.70
 TTTTTTTTTTTTTTTTTTTTTTTTTTTTTT SHELLXN     TELAPSE       21.18 TCPU       19.57
 TTTTTTTTTTTTTTTTTTTTTTTTTTTTTT MONMO3      TELAPSE       23.23 TCPU       21.62
 NUMERICALLY INTEGRATED DENSITY     75.9999881257     65.9999928649
 TTTTTTTTTTTTTTTTTTTTTTTTTTTTTT NUMDFT      TELAPSE       23.42 TCPU       21.81
 CYC   5 ETOT(AU) -4.101063104733E+03 DETOT -3.17E-04 tst  4.20E-06 PX  3.10E-03
 TTTTTTTTTTTTTTTTTTTTTTTTTTTTTT DIIS        TELAPSE       23.49 TCPU       21.88
 DIIS TEST: 0.18100E-04 AT SCF   CYCLE   5 - DIIS ACTIVE - HISTORY:     5 CYCLES
 TTTTTTTTTTTTTTTTTTTTTTTTTTTTTT FDIK        TELAPSE       23.77 TCPU       21.98
 SPIN LOCKING: NO ENERGY GAP COMPUTED
 TTTTTTTTTTTTTTTTTTTTTTTTTTTTTT PDIG        TELAPSE       23.89 TCPU       22.10
 CHARGE NORMALIZATION FACTOR   1.00000000
 TOTAL ATOMIC CHARGES:
  23.3328238  23.3328235   9.8823954   9.8823954   9.8823954   9.8823954
   9.8823921   9.8823921  18.0199934  18.0199934
 SUMMED SPIN DENSITY          10.00000000
 TOTAL ATOMIC SPINS  :
   4.8447976   4.8447976   0.0520403   0.0520403   0.0520403   0.0520403
   0.0520412   0.0520412  -0.0009194  -0.0009194
 TTTTTTTTTTTTTTTTTTTTTTTTTTTTTT MOQGAD      TELAPSE       23.89 TCPU       22.11
 TTTTTTTTTTTTTTTTTTTTTTTTTTTTTT SHELLXN     TELAPSE       24.81 TCPU       22.98
 TTTTTTTTTTTTTTTTTTTTTTTTTTTTTT MONMO3      TELAPSE       26.86 TCPU       25.02
 NUMERICALLY INTEGRATED DENSITY     75.9999881239     65.9999928631
 TTTTTTTTTTTTTTTTTTTTTTTTTTTTTT NUMDFT      TELAPSE       27.05 TCPU       25.21
 CYC   6 ETOT(AU) -4.101063106609E+03 DETOT -1.88E-06 tst  6.03E-08 PX  8.50E-04
 TTTTTTTTTTTTTTTTTTTTTTTTTTTTTT DIIS        TELAPSE       27.11 TCPU       25.28
 DIIS TEST: 0.16072E-05 AT SCF   CYCLE   6 - DIIS ACTIVE - HISTORY:     6 CYCLES
 TTTTTTTTTTTTTTTTTTTTTTTTTTTTTT FDIK        TELAPSE       27.35 TCPU       25.37
 SPIN LOCKING: NO ENERGY GAP COMPUTED
 TTTTTTTTTTTTTTTTTTTTTTTTTTTTTT PDIG        TELAPSE       27.47 TCPU       25.49
 CHARGE NORMALIZATION FACTOR   1.00000000
 TOTAL ATOMIC CHARGES:
  23.3328256  23.3328253   9.8823761   9.8823761   9.8823761   9.8823761
   9.8823793   9.8823793  18.0200429  18.0200429
 SUMMED SPIN DENSITY          10.00000000
 TOTAL ATOMIC SPINS  :
   4.8447311   4.8447310   0.0520644   0.0520644   0.0520644   0.0520644
   0.0520637   0.0520636  -0.0009235  -0.0009235
 TTTTTTTTTTTTTTTTTTTTTTTTTTTTTT MOQGAD      TELAPSE       27.47 TCPU       25.49
 TTTTTTTTTTTTTTTTTTTTTTTTTTTTTT SHELLXN     TELAPSE       28.40 TCPU       26.37
 TTTTTTTTTTTTTTTTTTTTTTTTTTTTTT MONMO3      TELAPSE       30.45 TCPU       28.41
 NUMERICALLY INTEGRATED DENSITY     75.9999881243     65.9999928630
 TTTTTTTTTTTTTTTTTTTTTTTTTTTTTT NUMDFT      TELAPSE       30.64 TCPU       28.60
 CYC   7 ETOT(AU) -4.101063106900E+03 DETOT -2.91E-07 tst  7.18E-09 PX  2.90E-04
 TTTTTTTTTTTTTTTTTTTTTTTTTTTTTT DIIS        TELAPSE       30.78 TCPU       28.74
 DIIS TEST: 0.62621E-07 AT SCF   CYCLE   7 - DIIS ACTIVE - HISTORY:     7 CYCLES
 TTTTTTTTTTTTTTTTTTTTTTTTTTTTTT FDIK        TELAPSE       31.04 TCPU       28.85
 SPINLOCK DISABLED

    ALPHA      ELECTRONS
 INSULATING STATE
 TOP OF VALENCE BANDS -    BAND     76; K   75; EIG -1.4364247E-01 AU
 TOP OF VALENCE BANDS -    BAND     76; K    1; EIG -1.4364414E-01 AU
 BOTTOM OF VIRTUAL BANDS - BAND     77; K    1; EIG  2.4293464E-02 AU
 INDIRECT ENERGY BAND GAP:   4.5698 eV

    BETA       ELECTRONS
 INSULATING STATE
 TOP OF VALENCE BANDS -    BAND     66; K   61; EIG -2.8545020E-01 AU
 TOP OF VALENCE BANDS -    BAND     66; K    1; EIG -2.8566668E-01 AU
 BOTTOM OF VIRTUAL BANDS - BAND     67; K    1; EIG  3.6490601E-02 AU
 INDIRECT ENERGY BAND GAP:   8.7605 eV
 TTTTTTTTTTTTTTTTTTTTTTTTTTTTTT PDIG        TELAPSE       31.16 TCPU       28.97
 CHARGE NORMALIZATION FACTOR   1.00000000
 TOTAL ATOMIC CHARGES:
  23.3328477  23.3328475   9.8823728   9.8823728   9.8823728   9.8823728
   9.8823665   9.8823663  18.0200404  18.0200404
 SUMMED SPIN DENSITY          10.00000000
 TOTAL ATOMIC SPINS  :
   4.8447012   4.8447011   0.0520742   0.0520742   0.0520742   0.0520742
   0.0520758   0.0520758  -0.0009255  -0.0009255
 TTTTTTTTTTTTTTTTTTTTTTTTTTTTTT MOQGAD      TELAPSE       31.17 TCPU       28.97
 TTTTTTTTTTTTTTTTTTTTTTTTTTTTTT SHELLXN     TELAPSE       32.08 TCPU       29.84
 TTTTTTTTTTTTTTTTTTTTTTTTTTTTTT MONMO3      TELAPSE       34.13 TCPU       31.89
 NUMERICALLY INTEGRATED DENSITY     75.9999881245     65.9999928628
 TTTTTTTTTTTTTTTTTTTTTTTTTTTTTT NUMDFT      TELAPSE       34.32 TCPU       32.08
 CYC   8 ETOT(AU) -4.101063106916E+03 DETOT -1.63E-08 tst  3.17E-10 PX  1.94E-05
 TTTTTTTTTTTTTTTTTTTTTTTTTTTTTT DIIS        TELAPSE       34.39 TCPU       32.15
 DIIS TEST: 0.86062E-08 AT SCF   CYCLE   8 - DIIS ACTIVE - HISTORY:     8 CYCLES
 TTTTTTTTTTTTTTTTTTTTTTTTTTTTTT FDIK        TELAPSE       34.64 TCPU       32.22
 SPINLOCK DISABLED

    ALPHA      ELECTRONS
 INSULATING STATE
 TOP OF VALENCE BANDS -    BAND     76; K    1; EIG -1.4364177E-01 AU
 BOTTOM OF VIRTUAL BANDS - BAND     77; K    1; EIG  2.4293515E-02 AU
 DIRECT ENERGY BAND GAP:   4.5698 eV

    BETA       ELECTRONS
 INSULATING STATE
 TOP OF VALENCE BANDS -    BAND     66; K   61; EIG -2.8544657E-01 AU
 TOP OF VALENCE BANDS -    BAND     66; K    1; EIG -2.8565883E-01 AU
 BOTTOM OF VIRTUAL BANDS - BAND     67; K    1; EIG  3.6490143E-02 AU
 INDIRECT ENERGY BAND GAP:   8.7603 eV
 TTTTTTTTTTTTTTTTTTTTTTTTTTTTTT PDIG        TELAPSE       34.76 TCPU       32.34
 CHARGE NORMALIZATION FACTOR   1.00000000
 TOTAL ATOMIC CHARGES:
  23.3328488  23.3328486   9.8823675   9.8823675   9.8823675   9.8823675
   9.8823760   9.8823759  18.0200404  18.0200404
 SUMMED SPIN DENSITY          10.00000000
 TOTAL ATOMIC SPINS  :
   4.8446982   4.8446981   0.0520766   0.0520766   0.0520766   0.0520766
   0.0520745   0.0520745  -0.0009259  -0.0009259
 TTTTTTTTTTTTTTTTTTTTTTTTTTTTTT MOQGAD      TELAPSE       34.76 TCPU       32.35
 TTTTTTTTTTTTTTTTTTTTTTTTTTTTTT SHELLXN     TELAPSE       35.63 TCPU       33.21
 +++ ENERGIES IN A.U. +++
 ::: EXT EL-POLE                                  -3.2705694994936E+03
 ::: EXT EL-SPHEROPOLE                             2.2974231112621E+01
 ::: BIELET ZONE E-E                               4.4002637638564E+03
 ::: TOTAL E-E                                     1.1526684954754E+03
 ::: TOTAL E-N + N-E                              -8.5037640437555E+03
 ::: TOTAL N-N                                    -6.5256849543286E+02
 ::: KINETIC ENERGY                                4.0911111269968E+03
 ::: PSEUDO TOTAL   ENERGY                        -3.9125529167162E+03
 ::: VIRIAL COEFFICIENT                            1.0223095583854E+00
 TTTTTTTTTTTTTTTTTTTTTTTTTTTTTT MONMO3      TELAPSE       37.68 TCPU       35.26
 NUMERICALLY INTEGRATED DENSITY     75.9999881245     65.9999928628
 TTTTTTTTTTTTTTTTTTTTTTTTTTTTTT NUMDFT      TELAPSE       37.87 TCPU       35.45
 CYC   9 ETOT(AU) -4.101063106917E+03 DETOT -7.26E-10 tst  6.82E-11 PX  1.94E-05

 == SCF ENDED - CONVERGENCE ON ENERGY      E(AU) -4.1010631069166E+03 CYCLES   9


 ENERGY EXPRESSION=HARTREE+FOCK EXCH*0.20000+(BECKE      EXCH)*0.80000+LYP        CORR


 TOTAL ENERGY(DFT)(AU)(  9) -4.1010631069166E+03 DE-7.3E-10 tester 6.8E-11
 TTTTTTTTTTTTTTTTTTTTTTTTTTTTTT EDFT        TELAPSE       37.87 TCPU       35.45

 NEIGHBORS OF THE NON-EQUIVALENT ATOMS

 N = NUMBER OF NEIGHBORS AT DISTANCE R
    ATOM  N     R/ANG      R/AU   NEIGHBORS (ATOM LABELS AND CELL INDICES)
   1 MN   6     2.1324     4.0296    3 F    0 0 0    4 F    1 1 0    5 F    1 0 0
                                     6 F    0 1 0    7 F    0 0 0    7 F    0 0-1
   1 MN   8     3.6934     6.9794    9 K    0 0 0    9 K    0 0-1    9 K    0 1 0
                                     9 K    0 1-1   10 K    0 0-1   10 K    0 0 0
                                    10 K    1 0-1   10 K    1 0 0
   1 MN   6     4.2647     8.0592    1 MN   0 0-1    1 MN   0 0 1    2 MN   0 0 0
                                     2 MN   1 0 0    2 MN   0 1 0    2 MN   1 1 0
   1 MN  24     4.7681     9.0104    3 F    0 0 1    3 F    0 0-1    3 F    1 0 0
                                     3 F    0 1 0    4 F    1 1 1    4 F    1 1-1
                                     4 F    0 1 0    4 F    1 0 0    5 F    1 0-1
                                     5 F    1 0 1    5 F    0 0 0    5 F    1 1 0
                                     6 F    0 1-1    6 F    0 1 1    6 F    1 1 0
                                     6 F    0 0 0    8 F    0 0 0    8 F    0 0-1
                                     8 F    1 0 0    8 F    0 1 0    8 F    1 0-1
                                     8 F    0 1-1    8 F    1 1 0    8 F    1 1-1
   1 MN  12     6.0312    11.3974    1 MN  -1 0 0    1 MN   1 0 0    1 MN   0-1 0
                                     1 MN   0 1 0    2 MN   0 0 1    2 MN   0 0-1
                                     2 MN   1 0 1    2 MN   1 0-1    2 MN   0 1 1
                                     2 MN   0 1-1    2 MN   1 1 1    2 MN   1 1-1
   1 MN  30     6.3971    12.0888    3 F    1 0 1    3 F    1 0-1    3 F    0 1 1
                                     3 F    0 1-1    3 F    1 1 0    4 F    0 1 1
                                     4 F    0 1-1    4 F    1 0 1    4 F    1 0-1
                                     4 F    0 0 0    5 F    0 0-1    5 F    0 0 1
                                     5 F    1 1-1    5 F    1 1 1    5 F    0 1 0
                                     6 F    1 1-1    6 F    1 1 1    6 F    0 0-1
                                     6 F    0 0 1    6 F    1 0 0    7 F    0 0 1
                                     7 F    1 0 0    7 F   -1 0 0    7 F    0 1 0
                                     7 F    0-1 0    7 F   -1 0-1    7 F    1 0-1
                                     7 F    0-1-1    7 F    0 1-1    7 F    0 0-2

   2 MN   6     2.1324     4.0296    3 F    0 0 0    4 F    0 0 0    5 F    0 0 0
                                     6 F    0 0 0    8 F    0 0 0    8 F    0 0-1
   2 MN   8     3.6934     6.9794    9 K    0 0 0    9 K    0 0-1    9 K   -1 0 0
                                     9 K   -1 0-1   10 K    0 0-1   10 K    0 0 0
                                    10 K    0-1-1   10 K    0-1 0
   2 MN   6     4.2647     8.0592    1 MN   0 0 0    1 MN  -1 0 0    1 MN   0-1 0
                                     1 MN  -1-1 0    2 MN   0 0-1    2 MN   0 0 1
   2 MN  24     4.7681     9.0104    3 F    0 0 1    3 F    0 0-1    3 F   -1 0 0
                                     3 F    0-1 0    4 F    0 0-1    4 F    0 0 1
                                     4 F    1 0 0    4 F    0 1 0    5 F    0 0 1
                                     5 F    0 0-1    5 F    1 0 0    5 F    0-1 0
                                     6 F    0 0-1    6 F    0 0 1    6 F   -1 0 0
                                     6 F    0 1 0    7 F    0 0 0    7 F    0 0-1
                                     7 F   -1 0 0    7 F    0-1 0    7 F   -1 0-1
                                     7 F    0-1-1    7 F   -1-1 0    7 F   -1-1-1
   2 MN  12     6.0312    11.3974    1 MN   0 0-1    1 MN   0 0 1    1 MN  -1 0-1
                                     1 MN  -1 0 1    1 MN   0-1-1    1 MN   0-1 1
                                     1 MN  -1-1-1    1 MN  -1-1 1    2 MN  -1 0 0
                                     2 MN   1 0 0    2 MN   0-1 0    2 MN   0 1 0
   2 MN  30     6.3971    12.0888    3 F   -1 0-1    3 F   -1 0 1    3 F    0-1-1
                                     3 F    0-1 1    3 F   -1-1 0    4 F    1 0 1
                                     4 F    1 0-1    4 F    0 1 1    4 F    0 1-1
                                     4 F    1 1 0    5 F    1 0-1    5 F    1 0 1
                                     5 F    0-1-1    5 F    0-1 1    5 F    1-1 0
                                     6 F   -1 0 1    6 F   -1 0-1    6 F    0 1 1
                                     6 F    0 1-1    6 F   -1 1 0    8 F    0 0 1
                                     8 F    1 0 0    8 F   -1 0 0    8 F    0 1 0
                                     8 F    0-1 0    8 F   -1 0-1    8 F    1 0-1
                                     8 F    0-1-1    8 F    0 1-1    8 F    0 0-2

   3 F    2     2.1324     4.0296    1 MN   0 0 0    2 MN   0 0 0
   3 F    8     3.0156     5.6987    5 F    0 0 0    5 F    1 0 0    6 F    0 0 0
                                     6 F    0 1 0    7 F    0 0 0    7 F    0 0-1
                                     8 F    0 0 0    8 F    0 0-1
   3 F    4     3.0156     5.6987    9 K    0 0 0    9 K    0 0-1   10 K    0 0-1
                                    10 K    0 0 0
   3 F    6     4.2647     8.0592    3 F    0 0-1    3 F    0 0 1    4 F    0 0 0
                                     4 F    1 0 0    4 F    0 1 0    4 F    1 1 0
   3 F    8     4.7681     9.0104    1 MN   0 0-1    1 MN   0 0 1    1 MN  -1 0 0
                                     1 MN   0-1 0    2 MN   0 0-1    2 MN   0 0 1
                                     2 MN   1 0 0    2 MN   0 1 0
   3 F   16     5.2232     9.8704    5 F    0 0 1    5 F    0 0-1    5 F    1 0 1
                                     5 F    1 0-1    6 F    0 0-1    6 F    0 0 1
                                     6 F    0 1-1    6 F    0 1 1    7 F   -1 0 0
                                     7 F    0-1 0    7 F   -1 0-1    7 F    0-1-1
                                     8 F    1 0 0    8 F    0 1 0    8 F    1 0-1
                                     8 F    0 1-1

   7 F    2     2.1324     4.0296    1 MN   0 0 0    1 MN   0 0 1
   7 F    8     3.0156     5.6987    3 F    0 0 0    3 F    0 0 1    4 F    1 1 0
                                     4 F    1 1 1    5 F    1 0 1    5 F    1 0 0
                                     6 F    0 1 1    6 F    0 1 0
   7 F    4     3.0156     5.6987    9 K    0 0 0    9 K    0 1 0   10 K    0 0 0
                                    10 K    1 0 0
   7 F    6     4.2647     8.0592    7 F    0 0-1    7 F    0 0 1    8 F    0 0 0
                                     8 F    1 0 0    8 F    0 1 0    8 F    1 1 0
   7 F    8     4.7681     9.0104    2 MN   0 0 0    2 MN   0 0 1    2 MN   1 0 0
                                     2 MN   0 1 0    2 MN   1 0 1    2 MN   0 1 1
                                     2 MN   1 1 0    2 MN   1 1 1
   7 F   16     5.2232     9.8704    3 F    1 0 0    3 F    0 1 0    3 F    1 0 1
                                     3 F    0 1 1    4 F    0 1 0    4 F    1 0 0
                                     4 F    0 1 1    4 F    1 0 1    5 F    0 0 1
                                     5 F    1 1 1    5 F    0 0 0    5 F    1 1 0
                                     6 F    1 1 1    6 F    0 0 1    6 F    1 1 0
                                     6 F    0 0 0

   8 F    2     2.1324     4.0296    2 MN   0 0 0    2 MN   0 0 1
   8 F    8     3.0156     5.6987    3 F    0 0 0    3 F    0 0 1    4 F    0 0 0
                                     4 F    0 0 1    5 F    0 0 1    5 F    0 0 0
                                     6 F    0 0 1    6 F    0 0 0
   8 F    4     3.0156     5.6987    9 K    0 0 0    9 K   -1 0 0   10 K    0 0 0
                                    10 K    0-1 0
   8 F    6     4.2647     8.0592    7 F    0 0 0    7 F   -1 0 0    7 F    0-1 0
                                     7 F   -1-1 0    8 F    0 0-1    8 F    0 0 1
   8 F    8     4.7681     9.0104    1 MN   0 0 0    1 MN   0 0 1    1 MN  -1 0 0
                                     1 MN   0-1 0    1 MN  -1 0 1    1 MN   0-1 1
                                     1 MN  -1-1 0    1 MN  -1-1 1
   8 F   16     5.2232     9.8704    3 F   -1 0 0    3 F    0-1 0    3 F   -1 0 1
                                     3 F    0-1 1    4 F    1 0 0    4 F    0 1 0
                                     4 F    1 0 1    4 F    0 1 1    5 F    1 0 1
                                     5 F    0-1 1    5 F    1 0 0    5 F    0-1 0
                                     6 F   -1 0 1    6 F    0 1 1    6 F   -1 0 0
                                     6 F    0 1 0

   9 K   12     3.0156     5.6987    3 F    0 0 0    3 F    0 0 1    4 F    1 0 0
                                     4 F    1 0 1    5 F    1 0 1    5 F    1 0 0
                                     6 F    0 0 1    6 F    0 0 0    7 F    0 0 0
                                     7 F    0-1 0    8 F    0 0 0    8 F    1 0 0
   9 K    8     3.6934     6.9794    1 MN   0 0 0    1 MN   0 0 1    1 MN   0-1 0
                                     1 MN   0-1 1    2 MN   0 0 0    2 MN   0 0 1
                                     2 MN   1 0 0    2 MN   1 0 1
   9 K    6     4.2647     8.0592    9 K    0 0-1    9 K    0 0 1   10 K    0 0 0
                                    10 K    1 0 0   10 K    0-1 0   10 K    1-1 0
   9 K   24     5.2232     9.8704    3 F    1 0 0    3 F    0-1 0    3 F    1 0 1
                                     3 F    0-1 1    4 F    0 0 0    4 F    1 1 0
                                     4 F    0 0 1    4 F    1 1 1    5 F    0 0 1
                                     5 F    1-1 1    5 F    0 0 0    5 F    1-1 0
                                     6 F    1 0 1    6 F    0 1 1    6 F    1 0 0
                                     6 F    0 1 0    7 F    0 0-1    7 F    0 0 1
                                     7 F    0-1-1    7 F    0-1 1    8 F    0 0-1
                                     8 F    0 0 1    8 F    1 0-1    8 F    1 0 1
   9 K   12     6.0312    11.3974    9 K   -1 0 0    9 K    1 0 0    9 K    0-1 0
                                     9 K    0 1 0   10 K    0 0 1   10 K    0 0-1
                                    10 K    1 0 1   10 K    1 0-1   10 K    0-1-1
                                    10 K    0-1 1   10 K    1-1 1   10 K    1-1-1
   9 K   24     6.7431    12.7427    3 F    0 0-1    3 F    1-1 0    3 F    0 0 2
                                     3 F    1-1 1    4 F    1 0-1    4 F    0 1 0
                                     4 F    1 0 2    4 F    0 1 1    5 F    1 0 2
                                     5 F    0-1 1    5 F    1 0-1    5 F    0-1 0
                                     6 F    0 0 2    6 F    1 1 1    6 F    0 0-1
                                     6 F    1 1 0    7 F   -1 0 0    7 F    1 0 0
                                     7 F   -1-1 0    7 F    1-1 0    8 F    0 1 0
                                     8 F    0-1 0    8 F    1 1 0    8 F    1-1 0

 TTTTTTTTTTTTTTTTTTTTTTTTTTTTTT AFTER FIRST TELAPSE       37.94 TCPU       35.51
 MMMMMMMMMMMMMMMMMMMMMMMMMMMMMMMMMMMMMMMMMMMMMMMMMMMMMMMMMMMMMMMMMMMMMMMMMMMMMMM
     ALPHA+BETA ELECTRONS
 MULLIKEN POPULATION ANALYSIS - NO. OF ELECTRONS  142.000000

  ATOM    Z CHARGE  A.O. POPULATION

   1 MN  25 23.333  2.000  1.912  2.057  2.057  2.057  0.364  0.628  0.628
                    0.628  1.271  0.966  0.966  0.966  0.478  0.361  0.361
                    0.361  0.925  0.870  0.870  0.925  0.870  0.170  0.157
                    0.157  0.170  0.157
   2 MN  25 23.333  2.000  1.912  2.057  2.057  2.057  0.364  0.628  0.628
                    0.628  1.271  0.966  0.966  0.966  0.478  0.361  0.361
                    0.361  0.925  0.870  0.870  0.925  0.870  0.170  0.157
                    0.157  0.170  0.157
   3 F    9  9.882  1.999  0.830  1.000  1.056  1.056  0.956  0.595  0.595
                    0.595  0.213  0.337  0.327  0.327
   4 F    9  9.882  1.999  0.830  1.000  1.056  1.056  0.956  0.595  0.595
                    0.595  0.213  0.337  0.327  0.327
   5 F    9  9.882  1.999  0.830  1.056  1.000  1.056  0.956  0.595  0.595
                    0.595  0.213  0.327  0.337  0.327
   6 F    9  9.882  1.999  0.830  1.056  1.000  1.056  0.956  0.595  0.595
                    0.595  0.213  0.327  0.337  0.327
   7 F    9  9.882  1.999  0.830  1.056  1.056  1.000  0.956  0.595  0.595
                    0.595  0.213  0.327  0.327  0.337
   8 F    9  9.882  1.999  0.830  1.056  1.056  1.000  0.956  0.595  0.595
                    0.595  0.213  0.327  0.327  0.337
   9 K   19 18.020  2.000  1.989  2.027  2.027  2.027  0.847  1.090  1.090
                    1.090  0.853  0.492  0.492  0.492  0.327  0.392  0.392
                    0.392
  10 K   19 18.020  2.000  1.989  2.027  2.027  2.027  0.847  1.090  1.090
                    1.090  0.853  0.492  0.492  0.492  0.327  0.392  0.392
                    0.392

  ATOM    Z CHARGE  SHELL POPULATION

   1 MN  25 23.333  2.000  8.083  2.248  4.170  1.561  4.461  0.811
   2 MN  25 23.333  2.000  8.083  2.248  4.170  1.561  4.461  0.811
   3 F    9  9.882  1.999  3.941  2.740  1.202
   4 F    9  9.882  1.999  3.941  2.740  1.202
   5 F    9  9.882  1.999  3.941  2.740  1.202
   6 F    9  9.882  1.999  3.941  2.740  1.202
   7 F    9  9.882  1.999  3.941  2.740  1.202
   8 F    9  9.882  1.999  3.941  2.740  1.202
   9 K   19 18.020  2.000  8.070  4.118  2.329  1.504
  10 K   19 18.020  2.000  8.070  4.118  2.329  1.504

 OVERLAP POPULATION CONDENSED TO ATOMS FOR FIRST   6 NEIGHBORS

 ATOM A   1 MN   ATOM B     CELL      R(AB)/AU R(AB)/ANG    OVPOP(AB)
                  3 F    (  0  0  0)     4.030     2.132     0.002
                  9 K    (  0  0  0)     6.979     3.693     0.000
                  1 MN   (  0  0 -1)     8.059     4.265    -0.000
                  3 F    (  0  0  1)     9.010     4.768    -0.000
                  1 MN   ( -1  0  0)    11.397     6.031     0.000
                  3 F    (  1  0  1)    12.089     6.397     0.000

 ATOM A   2 MN   ATOM B     CELL      R(AB)/AU R(AB)/ANG    OVPOP(AB)
                  3 F    (  0  0  0)     4.030     2.132     0.002
                  9 K    (  0  0  0)     6.979     3.693     0.000
                  1 MN   (  0  0  0)     8.059     4.265    -0.000
                  3 F    (  0  0  1)     9.010     4.768    -0.000
                  1 MN   (  0  0 -1)    11.397     6.031     0.000
                  3 F    ( -1  0 -1)    12.089     6.397     0.000

 ATOM A   3 F    ATOM B     CELL      R(AB)/AU R(AB)/ANG    OVPOP(AB)
                  1 MN   (  0  0  0)     4.030     2.132     0.002
                  5 F    (  0  0  0)     5.699     3.016     0.004
                  9 K    (  0  0  0)     5.699     3.016     0.000
                  3 F    (  0  0 -1)     8.059     4.265     0.000
                  1 MN   (  0  0 -1)     9.010     4.768    -0.000
                  5 F    (  0  0  1)     9.870     5.223     0.000

 ATOM A   7 F    ATOM B     CELL      R(AB)/AU R(AB)/ANG    OVPOP(AB)
                  1 MN   (  0  0  0)     4.030     2.132     0.002
                  3 F    (  0  0  0)     5.699     3.016     0.004
                  9 K    (  0  0  0)     5.699     3.016     0.000
                  7 F    (  0  0 -1)     8.059     4.265    -0.000
                  2 MN   (  0  0  0)     9.010     4.768    -0.000
                  3 F    (  1  0  0)     9.870     5.223     0.000

 ATOM A   8 F    ATOM B     CELL      R(AB)/AU R(AB)/ANG    OVPOP(AB)
                  2 MN   (  0  0  0)     4.030     2.132     0.002
                  3 F    (  0  0  0)     5.699     3.016     0.004
                  9 K    (  0  0  0)     5.699     3.016     0.000
                  7 F    (  0  0  0)     8.059     4.265     0.000
                  1 MN   (  0  0  0)     9.010     4.768    -0.000
                  3 F    ( -1  0  0)     9.870     5.223     0.000

 ATOM A   9 K    ATOM B     CELL      R(AB)/AU R(AB)/ANG    OVPOP(AB)
                  3 F    (  0  0  0)     5.699     3.016     0.000
                  1 MN   (  0  0  0)     6.979     3.693     0.000
                  9 K    (  0  0 -1)     8.059     4.265    -0.000
                  3 F    (  1  0  0)     9.870     5.223    -0.000
                  9 K    ( -1  0  0)    11.397     6.031     0.000
                  3 F    (  0  0 -1)    12.743     6.743     0.000
 TTTTTTTTTTTTTTTTTTTTTTTTTTTTTT AFTER FIRST TELAPSE       38.15 TCPU       35.51
 MMMMMMMMMMMMMMMMMMMMMMMMMMMMMMMMMMMMMMMMMMMMMMMMMMMMMMMMMMMMMMMMMMMMMMMMMMMMMMM
     ALPHA-BETA ELECTRONS
 MULLIKEN POPULATION ANALYSIS - NO. OF ELECTRONS   10.000000

  ATOM    Z CHARGE  A.O. POPULATION

   1 MN  25  4.845 -0.000  0.002 -0.001 -0.001 -0.001  0.000  0.006  0.006
                    0.006  0.011  0.011  0.011  0.011 -0.007 -0.013 -0.013
                   -0.013  0.866  0.854  0.854  0.866  0.854  0.080  0.125
                    0.125  0.080  0.125
   2 MN  25  4.845 -0.000  0.002 -0.001 -0.001 -0.001  0.000  0.006  0.006
                    0.006  0.011  0.011  0.011  0.011 -0.007 -0.013 -0.013
                   -0.013  0.866  0.854  0.854  0.866  0.854  0.080  0.125
                    0.125  0.080  0.125
   3 F    9  0.052  0.000  0.006  0.026  0.014  0.014 -0.000 -0.001  0.003
                    0.003 -0.003  0.004 -0.007 -0.007
   4 F    9  0.052  0.000  0.006  0.026  0.014  0.014 -0.000 -0.001  0.003
                    0.003 -0.003  0.004 -0.007 -0.007
   5 F    9  0.052  0.000  0.006  0.014  0.026  0.014 -0.000  0.003 -0.001
                    0.003 -0.003 -0.007  0.004 -0.007
   6 F    9  0.052  0.000  0.006  0.014  0.026  0.014 -0.000  0.003 -0.001
                    0.003 -0.003 -0.007  0.004 -0.007
   7 F    9  0.052  0.000  0.006  0.014  0.014  0.026 -0.000  0.003  0.003
                   -0.001 -0.003 -0.007 -0.007  0.004
   8 F    9  0.052  0.000  0.006  0.014  0.014  0.026 -0.000  0.003  0.003
                   -0.001 -0.003 -0.007 -0.007  0.004
   9 K   19 -0.001 -0.000  0.000  0.000  0.000  0.000 -0.000 -0.000 -0.000
                   -0.000  0.000  0.000  0.000  0.000 -0.001 -0.000 -0.000
                   -0.000
  10 K   19 -0.001 -0.000  0.000  0.000  0.000  0.000 -0.000 -0.000 -0.000
                   -0.000  0.000  0.000  0.000  0.000 -0.001 -0.000 -0.000
                   -0.000

  ATOM    Z CHARGE  SHELL POPULATION

   1 MN  25  4.845 -0.000 -0.002  0.019  0.044 -0.045  4.294  0.535
   2 MN  25  4.845 -0.000 -0.002  0.019  0.044 -0.045  4.294  0.535
   3 F    9  0.052  0.000  0.061  0.004 -0.012
   4 F    9  0.052  0.000  0.061  0.004 -0.012
   5 F    9  0.052  0.000  0.061  0.004 -0.012
   6 F    9  0.052  0.000  0.061  0.004 -0.012
   7 F    9  0.052  0.000  0.061  0.004 -0.012
   8 F    9  0.052  0.000  0.061  0.004 -0.012
   9 K   19 -0.001 -0.000  0.000 -0.000  0.001 -0.002
  10 K   19 -0.001 -0.000  0.000 -0.000  0.001 -0.002

 OVERLAP POPULATION CONDENSED TO ATOMS FOR FIRST   6 NEIGHBORS

 ATOM A   1 MN   ATOM B     CELL      R(AB)/AU R(AB)/ANG    OVPOP(AB)
                  3 F    (  0  0  0)     4.030     2.132    -0.036
                  9 K    (  0  0  0)     6.979     3.693     0.000
                  1 MN   (  0  0 -1)     8.059     4.265     0.000
                  3 F    (  0  0  1)     9.010     4.768     0.000
                  1 MN   ( -1  0  0)    11.397     6.031     0.000
                  3 F    (  1  0  1)    12.089     6.397     0.000

 ATOM A   2 MN   ATOM B     CELL      R(AB)/AU R(AB)/ANG    OVPOP(AB)
                  3 F    (  0  0  0)     4.030     2.132    -0.036
                  9 K    (  0  0  0)     6.979     3.693     0.000
                  1 MN   (  0  0  0)     8.059     4.265     0.000
                  3 F    (  0  0  1)     9.010     4.768     0.000
                  1 MN   (  0  0 -1)    11.397     6.031     0.000
                  3 F    ( -1  0 -1)    12.089     6.397     0.000

 ATOM A   3 F    ATOM B     CELL      R(AB)/AU R(AB)/ANG    OVPOP(AB)
                  1 MN   (  0  0  0)     4.030     2.132    -0.036
                  5 F    (  0  0  0)     5.699     3.016    -0.001
                  9 K    (  0  0  0)     5.699     3.016    -0.000
                  3 F    (  0  0 -1)     8.059     4.265     0.000
                  1 MN   (  0  0 -1)     9.010     4.768     0.000
                  5 F    (  0  0  1)     9.870     5.223     0.000

 ATOM A   7 F    ATOM B     CELL      R(AB)/AU R(AB)/ANG    OVPOP(AB)
                  1 MN   (  0  0  0)     4.030     2.132    -0.036
                  3 F    (  0  0  0)     5.699     3.016    -0.001
                  9 K    (  0  0  0)     5.699     3.016    -0.000
                  7 F    (  0  0 -1)     8.059     4.265     0.000
                  2 MN   (  0  0  0)     9.010     4.768     0.000
                  3 F    (  1  0  0)     9.870     5.223     0.000

 ATOM A   8 F    ATOM B     CELL      R(AB)/AU R(AB)/ANG    OVPOP(AB)
                  2 MN   (  0  0  0)     4.030     2.132    -0.036
                  3 F    (  0  0  0)     5.699     3.016    -0.001
                  9 K    (  0  0  0)     5.699     3.016    -0.000
                  7 F    (  0  0  0)     8.059     4.265     0.000
                  1 MN   (  0  0  0)     9.010     4.768     0.000
                  3 F    ( -1  0  0)     9.870     5.223     0.000

 ATOM A   9 K    ATOM B     CELL      R(AB)/AU R(AB)/ANG    OVPOP(AB)
                  3 F    (  0  0  0)     5.699     3.016    -0.000
                  1 MN   (  0  0  0)     6.979     3.693     0.000
                  9 K    (  0  0 -1)     8.059     4.265    -0.000
                  3 F    (  1  0  0)     9.870     5.223    -0.000
                  9 K    ( -1  0  0)    11.397     6.031    -0.000
                  3 F    (  0  0 -1)    12.743     6.743    -0.000
 EIGENVECTORS IN FORTRAN UNIT 10
 TTTTTTTTTTTTTTTTTTTTTTTTTTTTTT END         TELAPSE       38.21 TCPU       35.57
 EEEEEEEEEE TERMINATION  DATE 07 07 2022 TIME 16:13:27.8
NODE    0 CPU TIME =        35.566
NODE    1 CPU TIME =        35.740
NODE    2 CPU TIME =        35.829
NODE    3 CPU TIME =        35.672
NODE    4 CPU TIME =        36.084
NODE    5 CPU TIME =        35.638
NODE    6 CPU TIME =        35.638
NODE    7 CPU TIME =        35.357
NODE    8 CPU TIME =        35.347
NODE    9 CPU TIME =        35.420
NODE   10 CPU TIME =        35.284
NODE   11 CPU TIME =        35.839
NODE   12 CPU TIME =        35.548
NODE   13 CPU TIME =        35.605
NODE   14 CPU TIME =        35.396
NODE   15 CPU TIME =        35.654
NODE   16 CPU TIME =        35.407
NODE   17 CPU TIME =        35.709
NODE   18 CPU TIME =        36.315
NODE   19 CPU TIME =        35.893
NODE   20 CPU TIME =        35.604
NODE   21 CPU TIME =        36.015
NODE   22 CPU TIME =        36.050
NODE   23 CPU TIME =        35.865
NODE   24 CPU TIME =        35.483
NODE   25 CPU TIME =        35.087
NODE   26 CPU TIME =        35.152
NODE   27 CPU TIME =        35.605
NODE   28 CPU TIME =        35.263
NODE   29 CPU TIME =        35.671
NODE   30 CPU TIME =        35.311
NODE   31 CPU TIME =        35.658
    TOTAL CPU TIME =      1139.703
DATE Thu Jul  7 16:13:28 2022
